  Processing .\CallObjectServer.idl
  CallObjectServer.idl
  Processing C:\Program Files (x86)\Windows Kits\8.1\Include\um\oaidl.idl
  oaidl.idl
  Processing C:\Program Files (x86)\Windows Kits\8.1\Include\um\objidl.idl
  objidl.idl
  Processing C:\Program Files (x86)\Windows Kits\8.1\Include\um\unknwn.idl
  unknwn.idl
  Processing C:\Program Files (x86)\Windows Kits\8.1\Include\shared\wtypes.idl
  wtypes.idl
  Processing C:\Program Files (x86)\Windows Kits\8.1\Include\shared\wtypesbase.idl
  wtypesbase.idl
  Processing C:\Program Files (x86)\Windows Kits\8.1\Include\shared\basetsd.h
  basetsd.h
  Processing C:\Program Files (x86)\Windows Kits\8.1\Include\shared\guiddef.h
  guiddef.h
  Processing C:\Program Files (x86)\Windows Kits\8.1\Include\um\ocidl.idl
  ocidl.idl
  Processing C:\Program Files (x86)\Windows Kits\8.1\Include\um\oleidl.idl
  oleidl.idl
  Processing C:\Program Files (x86)\Windows Kits\8.1\Include\um\servprov.idl
  servprov.idl
  Processing C:\Program Files (x86)\Windows Kits\8.1\Include\um\urlmon.idl
  urlmon.idl
  Processing C:\Program Files (x86)\Windows Kits\8.1\Include\um\msxml.idl
  msxml.idl
  Processing C:\Program Files (x86)\Windows Kits\8.1\Include\um\oaidl.acf
  oaidl.acf
  Processing C:\Program Files (x86)\Windows Kits\8.1\Include\um\ocidl.acf
  ocidl.acf
cl : Command line warning D9035: option 'Gm' has been deprecated and will be removed in a future release
  StdAfx.cpp
cl : Command line warning D9035: option 'Gm' has been deprecated and will be removed in a future release
  CallObjectServer.cpp
  CallNotifyObject.cpp
  Generating Code...
CallNotifyObject.obj : warning LNK4075: ignoring '/EDITANDCONTINUE' due to '/SAFESEH' specification
.\CallObjectServer.def : warning LNK4222: exported symbol 'DllCanUnloadNow' should not be assigned an ordinal
.\CallObjectServer.def : warning LNK4222: exported symbol 'DllGetClassObject' should not be assigned an ordinal
.\CallObjectServer.def : warning LNK4222: exported symbol 'DllRegisterServer' should not be assigned an ordinal
.\CallObjectServer.def : warning LNK4222: exported symbol 'DllUnregisterServer' should not be assigned an ordinal
     Creating library .\Debug\CallObjectServer.lib and object .\Debug\CallObjectServer.exp
  CallObjectServer.vcxproj -> D:\WRK\MSDN\2000\msdnmag0400\TEMP\COM+Async0400\CallObjectServer\.\Debug\CallObjectServer.dll
  Performing registration
C:\Program Files (x86)\Microsoft Visual Studio\2017\Community\Common7\IDE\VC\VCTargets\Microsoft.CppCommon.targets(255,5): error MSB3075: The command "regsvr32 /s /c "D:\WRK\MSDN\2000\msdnmag0400\TEMP\COM+Async0400\CallObjectServer\.\Debug\CallObjectServer.dll" 
C:\Program Files (x86)\Microsoft Visual Studio\2017\Community\Common7\IDE\VC\VCTargets\Microsoft.CppCommon.targets(255,5): error MSB3075: echo regsvr32 exec. time > ".\Debug\regsvr32.trg" 
C:\Program Files (x86)\Microsoft Visual Studio\2017\Community\Common7\IDE\VC\VCTargets\Microsoft.CppCommon.targets(255,5): error MSB3075: :VCEnd" exited with code 5. Please verify that you have sufficient rights to run this command.
